054 17:46:44 : debut
054 17:46:44 : load config main.conf 
054 17:46:44 : 	> 6 : SET FILE name PATH chemin 
054 17:46:44 : Commande : SET 
054 17:46:44 : 	> 8 : SET DIRECTORY name PATH chemin 
054 17:46:44 : Commande : SET 
054 17:46:44 : 	> 10 : SET LOG_FILE name PATH path 
054 17:46:44 : Commande : SET 
054 17:46:44 : 	> 12 : SET FILE_SYSTEM name DEVICE 
054 17:46:44 : Commande : SET 
054 17:46:44 : 		FILE_SYSTEM : name 
054 17:46:44 : 	> 14 : SET HOST name 
054 17:46:44 : Commande : SET 
054 17:46:44 : 	> 16 : SET PROGRAM name PATH chemin 
054 17:46:44 : Commande : SET 
054 17:46:44 : 	> 21 : SET PROCESS [ pid | pid_file ] 
054 17:46:44 : Commande : SET 
054 17:46:44 : 		PROCESS : [ 
054 17:46:44 : 	> 24 : SET GROUP name 
054 17:46:44 : Commande : SET 
054 17:46:44 : 	> 25 :     ADD admin@example.com 
054 17:46:44 : Commande : ADD 
054 17:46:44 : 	> 26 :     ADD sys@example.com 
054 17:46:44 : Commande : ADD 
054 17:46:44 : 	> 27 :     ADD root@example.com 
054 17:46:44 : Commande : ADD 
054 17:46:44 : 	> 30 : SET MESSAGE name 
054 17:46:44 : Commande : SET 
054 17:46:44 : 	> 31 :     FROM    from 
054 17:46:44 : Commande : FROM 
054 17:46:44 : 	> 33 :     TO      to 
054 17:46:44 : Commande : TO 
054 17:46:44 : 	> 34 :     SUBJECT sujet 
054 17:46:44 : Commande : SUBJECT 
054 17:46:44 : 	> 35 :     BODY BEGIN 
054 17:46:44 : Commande : BODY 
054 17:46:44 : 	> 36 : 		Ceci est est un essai \ 
054 17:46:44 : Commande : Ceci 
054 17:46:44 : 	> 37 : 		de saisir un body dans le message \ 
054 17:46:44 : Commande : de 
054 17:46:44 : 	> 38 : 	BODY END 
054 17:46:44 : Commande : BODY 
054 17:46:44 : 	> 40 : SET FILE test2 PATH "/toto/tutu" 
054 17:46:44 : Commande : SET 
054 17:46:44 : DEBUT maj_obj
054 17:46:44 : ===> Objet : MESSAGE:name 
054 17:46:44 :      MESSAGE:name:to:from:sujet:['\t\tCeci est est un essai \\', '\t\tde saisir un body dans le message \\', '\tBODY END'] 
054 17:46:44 : ===> Objet : FILE:test2 
054 17:46:44 :      FILE:test2:"/toto/tutu" 
054 17:46:44 : ===> Objet : DIRECTORY:name 
054 17:46:44 :      DIRECTORY:name:chemin 
054 17:46:44 : ===> Objet : HOST:name 
054 17:46:44 :      HOST:name 
054 17:46:44 : ===> Objet : LOGFILE:name 
054 17:46:44 :      LOGFILE:name:path 
054 17:46:44 : ===> Objet : GROUP:name 
054 17:46:44 :      GROUP:name:['admin@example.com', 'sys@example.com', 'root@example.com'] 
054 17:46:44 : ===> Objet : FILE:name 
054 17:46:44 :      FILE:name:chemin 
054 17:46:44 : ===> Objet : PROGRAM:name 
054 17:46:44 :      PROGRAM:name:chemin 
054 17:46:44 : FIN maj_obj
054 17:46:44 : check service
054 17:46:44 : End of Turn
054 17:46:44 : Fin
